
===========================================================================
Model "_X2_65B9684856DB5B9E4F535316__1_1" exists. Name "_X2_65B9684856DB5B9E4F535316_11" used instead.
===========================================================================

===========================================================================
Model "_X2_65B9684856DB5B9E4F535316_10_ASM_1" exists. Name "_X2_65B9684856DB5B9E4F535316_12" used instead.
===========================================================================

===========================================================================
Model "_X2_65B9684856DB5B9E4F535316__2_1" exists. Name "_X2_65B9684856DB5B9E4F535316_13" used instead.
===========================================================================

===========================================================================
Model "_X2_65B9684856DB5B9E4F535316__3_1" exists. Name "_X2_65B9684856DB5B9E4F535316_14" used instead.
===========================================================================

===========================================================================
Model "_X2_51F853F0_X0_-_X2_62C94F38_1_1" exists. Name "_X2_51F853F0_X0_-_X2_62C94F38_2" used instead.
===========================================================================

===========================================================================
Model "_X2_65B9684856DB5B9E4F535316__4_1" exists. Name "_X2_65B9684856DB5B9E4F535316_15" used instead.
===========================================================================

===========================================================================
Model "_X2_65B9684856DB5B9E4F535316__5_1" exists. Name "_X2_65B9684856DB5B9E4F535316_16" used instead.
===========================================================================

===========================================================================
Model "_X2_65B9684856DB5B9E4F535316__6_1" exists. Name "_X2_65B9684856DB5B9E4F535316_17" used instead.
===========================================================================

===========================================================================
Model "_X2_65B9684856DB5B9E4F535316__7_1" exists. Name "_X2_65B9684856DB5B9E4F535316_18" used instead.
===========================================================================

===========================================================================
Model "_X2_65B9684856DB5B9E4F535316__8_1" exists. Name "_X2_65B9684856DB5B9E4F535316_19" used instead.
===========================================================================

===========================================================================
Model "_X2_65B9684856DB5B9E4F535316__9_1" exists. Name "_X2_65B9684856DB5B9E4F535316_20" used instead.
===========================================================================

===========================================================================
Model "MOLDED_GEAR_HOUSING__65_TEETH___1" exists. Name "MOLDED_GEAR_HOUSING__65_TEETH_1" used instead.
===========================================================================

===========================================================================
Model "ORBITER_2_7_LDO_MOLDING_CAPTIVE_ASM_1" exists. Name "ORBITER_2_7_LDO_MOLDING_CAPTI_1" used instead.
===========================================================================

===========================================================================
Model "5X8X2_5_MR58_ZZ__BALL_BEARING_1_ASM_1" exists. Name "5X8X2_5_MR58_ZZ__BALL_BEARING_2" used instead.
===========================================================================

===========================================================================
Model "M3X35_CAP_HEAD_SCREW__PARTIAL_1_1" exists. Name "M3X35_CAP_HEAD_SCREW__PARTIAL_2" used instead.
===========================================================================
